[0.066s] colcon DEBUG Command line arguments: ['/usr/bin/colcon', 'list', '-p', '--base-paths', '/home/hdm/FeiHu_Sentry_2025']
[0.067s] colcon DEBUG Parsed command line arguments: Namespace(log_base=None, log_level=None, verb_name='list', build_base='build', ignore_user_meta=False, metas=['./colcon.meta'], base_paths=['/home/hdm/FeiHu_Sentry_2025'], packages_ignore=None, packages_ignore_regex=None, paths=None, packages_up_to=None, packages_up_to_regex=None, packages_above=None, packages_above_and_dependencies=None, packages_above_depth=None, packages_select_by_dep=None, packages_skip_by_dep=None, packages_skip_up_to=None, packages_select_build_failed=False, packages_skip_build_finished=False, packages_select_test_failures=False, packages_skip_test_passed=False, packages_select=None, packages_skip=None, packages_select_regex=None, packages_skip_regex=None, packages_start=None, packages_end=None, allow_overriding=[], topological_order=False, names_only=False, paths_only=True, topological_graph=False, topological_graph_dot=False, topological_graph_density=False, topological_graph_legend=False, topological_graph_dot_cluster=False, topological_graph_dot_include_skipped=False, verb_parser=<colcon_defaults.argument_parser.defaults.DefaultArgumentsDecorator object at 0x78c44d1349d0>, verb_extension=<colcon_package_information.verb.list.ListVerb object at 0x78c44d107a90>, main=<bound method ListVerb.main of <colcon_package_information.verb.list.ListVerb object at 0x78c44d107a90>>)
[0.161s] colcon.colcon_core.package_discovery Level 1 discover_packages(colcon_meta) check parameters
[0.161s] colcon.colcon_core.package_discovery Level 1 discover_packages(recursive) check parameters
[0.161s] colcon.colcon_core.package_discovery Level 1 discover_packages(ignore) check parameters
[0.161s] colcon.colcon_core.package_discovery Level 1 discover_packages(path) check parameters
[0.161s] colcon.colcon_core.package_discovery Level 1 discover_packages(recursive) discover
[0.161s] colcon.colcon_core.package_discovery INFO Crawling recursively for packages in '/home/hdm/FeiHu_Sentry_2025'
[0.161s] colcon.colcon_core.package_identification Level 1 _identify(/home/hdm/FeiHu_Sentry_2025) by extensions ['ignore', 'ignore_ament_install']
[0.161s] colcon.colcon_core.package_identification Level 1 _identify(/home/hdm/FeiHu_Sentry_2025) by extension 'ignore'
[0.161s] colcon.colcon_core.package_identification Level 1 _identify(/home/hdm/FeiHu_Sentry_2025) by extension 'ignore_ament_install'
[0.161s] colcon.colcon_core.package_identification Level 1 _identify(/home/hdm/FeiHu_Sentry_2025) by extensions ['colcon_pkg']
[0.161s] colcon.colcon_core.package_identification Level 1 _identify(/home/hdm/FeiHu_Sentry_2025) by extension 'colcon_pkg'
[0.161s] colcon.colcon_core.package_identification Level 1 _identify(/home/hdm/FeiHu_Sentry_2025) by extensions ['colcon_meta']
[0.161s] colcon.colcon_core.package_identification Level 1 _identify(/home/hdm/FeiHu_Sentry_2025) by extension 'colcon_meta'
[0.161s] colcon.colcon_core.package_identification Level 1 _identify(/home/hdm/FeiHu_Sentry_2025) by extensions ['ros']
[0.161s] colcon.colcon_core.package_identification Level 1 _identify(/home/hdm/FeiHu_Sentry_2025) by extension 'ros'
[0.168s] colcon.colcon_core.package_identification Level 1 _identify(/home/hdm/FeiHu_Sentry_2025) by extensions ['cmake', 'python']
[0.168s] colcon.colcon_core.package_identification Level 1 _identify(/home/hdm/FeiHu_Sentry_2025) by extension 'cmake'
[0.168s] colcon.colcon_core.package_identification Level 1 _identify(/home/hdm/FeiHu_Sentry_2025) by extension 'python'
[0.168s] colcon.colcon_core.package_identification Level 1 _identify(/home/hdm/FeiHu_Sentry_2025) by extensions ['python_setup_py']
[0.168s] colcon.colcon_core.package_identification Level 1 _identify(/home/hdm/FeiHu_Sentry_2025) by extension 'python_setup_py'
[0.168s] colcon.colcon_core.package_identification Level 1 _identify(/home/hdm/FeiHu_Sentry_2025/log) by extensions ['ignore', 'ignore_ament_install']
[0.168s] colcon.colcon_core.package_identification Level 1 _identify(/home/hdm/FeiHu_Sentry_2025/log) by extension 'ignore'
[0.168s] colcon.colcon_core.package_identification Level 1 _identify(/home/hdm/FeiHu_Sentry_2025/log) ignored
[0.168s] colcon.colcon_core.package_identification Level 1 _identify(/home/hdm/FeiHu_Sentry_2025/src) by extensions ['ignore', 'ignore_ament_install']
[0.168s] colcon.colcon_core.package_identification Level 1 _identify(/home/hdm/FeiHu_Sentry_2025/src) by extension 'ignore'
[0.168s] colcon.colcon_core.package_identification Level 1 _identify(/home/hdm/FeiHu_Sentry_2025/src) by extension 'ignore_ament_install'
[0.168s] colcon.colcon_core.package_identification Level 1 _identify(/home/hdm/FeiHu_Sentry_2025/src) by extensions ['colcon_pkg']
[0.168s] colcon.colcon_core.package_identification Level 1 _identify(/home/hdm/FeiHu_Sentry_2025/src) by extension 'colcon_pkg'
[0.168s] colcon.colcon_core.package_identification Level 1 _identify(/home/hdm/FeiHu_Sentry_2025/src) by extensions ['colcon_meta']
[0.168s] colcon.colcon_core.package_identification Level 1 _identify(/home/hdm/FeiHu_Sentry_2025/src) by extension 'colcon_meta'
[0.168s] colcon.colcon_core.package_identification Level 1 _identify(/home/hdm/FeiHu_Sentry_2025/src) by extensions ['ros']
[0.168s] colcon.colcon_core.package_identification Level 1 _identify(/home/hdm/FeiHu_Sentry_2025/src) by extension 'ros'
[0.168s] colcon.colcon_core.package_identification Level 1 _identify(/home/hdm/FeiHu_Sentry_2025/src) by extensions ['cmake', 'python']
[0.168s] colcon.colcon_core.package_identification Level 1 _identify(/home/hdm/FeiHu_Sentry_2025/src) by extension 'cmake'
[0.168s] colcon.colcon_core.package_identification Level 1 _identify(/home/hdm/FeiHu_Sentry_2025/src) by extension 'python'
[0.168s] colcon.colcon_core.package_identification Level 1 _identify(/home/hdm/FeiHu_Sentry_2025/src) by extensions ['python_setup_py']
[0.168s] colcon.colcon_core.package_identification Level 1 _identify(/home/hdm/FeiHu_Sentry_2025/src) by extension 'python_setup_py'
[0.169s] colcon.colcon_core.package_identification Level 1 _identify(/home/hdm/FeiHu_Sentry_2025/src/imu_complementary_filter) by extensions ['ignore', 'ignore_ament_install']
[0.169s] colcon.colcon_core.package_identification Level 1 _identify(/home/hdm/FeiHu_Sentry_2025/src/imu_complementary_filter) by extension 'ignore'
[0.169s] colcon.colcon_core.package_identification Level 1 _identify(/home/hdm/FeiHu_Sentry_2025/src/imu_complementary_filter) by extension 'ignore_ament_install'
[0.169s] colcon.colcon_core.package_identification Level 1 _identify(/home/hdm/FeiHu_Sentry_2025/src/imu_complementary_filter) by extensions ['colcon_pkg']
[0.169s] colcon.colcon_core.package_identification Level 1 _identify(/home/hdm/FeiHu_Sentry_2025/src/imu_complementary_filter) by extension 'colcon_pkg'
[0.169s] colcon.colcon_core.package_identification Level 1 _identify(/home/hdm/FeiHu_Sentry_2025/src/imu_complementary_filter) by extensions ['colcon_meta']
[0.169s] colcon.colcon_core.package_identification Level 1 _identify(/home/hdm/FeiHu_Sentry_2025/src/imu_complementary_filter) by extension 'colcon_meta'
[0.169s] colcon.colcon_core.package_identification Level 1 _identify(/home/hdm/FeiHu_Sentry_2025/src/imu_complementary_filter) by extensions ['ros']
[0.169s] colcon.colcon_core.package_identification Level 1 _identify(/home/hdm/FeiHu_Sentry_2025/src/imu_complementary_filter) by extension 'ros'
[0.170s] colcon.colcon_core.package_identification DEBUG Package '/home/hdm/FeiHu_Sentry_2025/src/imu_complementary_filter' with type 'ros.ament_cmake' and name 'imu_complementary_filter'
[0.171s] colcon.colcon_core.package_identification Level 1 _identify(/home/hdm/FeiHu_Sentry_2025/src/linefit_ground_segementation_ros2) by extensions ['ignore', 'ignore_ament_install']
[0.171s] colcon.colcon_core.package_identification Level 1 _identify(/home/hdm/FeiHu_Sentry_2025/src/linefit_ground_segementation_ros2) by extension 'ignore'
[0.171s] colcon.colcon_core.package_identification Level 1 _identify(/home/hdm/FeiHu_Sentry_2025/src/linefit_ground_segementation_ros2) by extension 'ignore_ament_install'
[0.171s] colcon.colcon_core.package_identification Level 1 _identify(/home/hdm/FeiHu_Sentry_2025/src/linefit_ground_segementation_ros2) by extensions ['colcon_pkg']
[0.171s] colcon.colcon_core.package_identification Level 1 _identify(/home/hdm/FeiHu_Sentry_2025/src/linefit_ground_segementation_ros2) by extension 'colcon_pkg'
[0.171s] colcon.colcon_core.package_identification Level 1 _identify(/home/hdm/FeiHu_Sentry_2025/src/linefit_ground_segementation_ros2) by extensions ['colcon_meta']
[0.171s] colcon.colcon_core.package_identification Level 1 _identify(/home/hdm/FeiHu_Sentry_2025/src/linefit_ground_segementation_ros2) by extension 'colcon_meta'
[0.171s] colcon.colcon_core.package_identification Level 1 _identify(/home/hdm/FeiHu_Sentry_2025/src/linefit_ground_segementation_ros2) by extensions ['ros']
[0.171s] colcon.colcon_core.package_identification Level 1 _identify(/home/hdm/FeiHu_Sentry_2025/src/linefit_ground_segementation_ros2) by extension 'ros'
[0.171s] colcon.colcon_core.package_identification Level 1 _identify(/home/hdm/FeiHu_Sentry_2025/src/linefit_ground_segementation_ros2) by extensions ['cmake', 'python']
[0.171s] colcon.colcon_core.package_identification Level 1 _identify(/home/hdm/FeiHu_Sentry_2025/src/linefit_ground_segementation_ros2) by extension 'cmake'
[0.171s] colcon.colcon_core.package_identification Level 1 _identify(/home/hdm/FeiHu_Sentry_2025/src/linefit_ground_segementation_ros2) by extension 'python'
[0.171s] colcon.colcon_core.package_identification Level 1 _identify(/home/hdm/FeiHu_Sentry_2025/src/linefit_ground_segementation_ros2) by extensions ['python_setup_py']
[0.171s] colcon.colcon_core.package_identification Level 1 _identify(/home/hdm/FeiHu_Sentry_2025/src/linefit_ground_segementation_ros2) by extension 'python_setup_py'
[0.171s] colcon.colcon_core.package_identification Level 1 _identify(/home/hdm/FeiHu_Sentry_2025/src/linefit_ground_segementation_ros2/doc) by extensions ['ignore', 'ignore_ament_install']
[0.171s] colcon.colcon_core.package_identification Level 1 _identify(/home/hdm/FeiHu_Sentry_2025/src/linefit_ground_segementation_ros2/doc) by extension 'ignore'
[0.171s] colcon.colcon_core.package_identification Level 1 _identify(/home/hdm/FeiHu_Sentry_2025/src/linefit_ground_segementation_ros2/doc) by extension 'ignore_ament_install'
[0.171s] colcon.colcon_core.package_identification Level 1 _identify(/home/hdm/FeiHu_Sentry_2025/src/linefit_ground_segementation_ros2/doc) by extensions ['colcon_pkg']
[0.171s] colcon.colcon_core.package_identification Level 1 _identify(/home/hdm/FeiHu_Sentry_2025/src/linefit_ground_segementation_ros2/doc) by extension 'colcon_pkg'
[0.171s] colcon.colcon_core.package_identification Level 1 _identify(/home/hdm/FeiHu_Sentry_2025/src/linefit_ground_segementation_ros2/doc) by extensions ['colcon_meta']
[0.171s] colcon.colcon_core.package_identification Level 1 _identify(/home/hdm/FeiHu_Sentry_2025/src/linefit_ground_segementation_ros2/doc) by extension 'colcon_meta'
[0.171s] colcon.colcon_core.package_identification Level 1 _identify(/home/hdm/FeiHu_Sentry_2025/src/linefit_ground_segementation_ros2/doc) by extensions ['ros']
[0.171s] colcon.colcon_core.package_identification Level 1 _identify(/home/hdm/FeiHu_Sentry_2025/src/linefit_ground_segementation_ros2/doc) by extension 'ros'
[0.171s] colcon.colcon_core.package_identification Level 1 _identify(/home/hdm/FeiHu_Sentry_2025/src/linefit_ground_segementation_ros2/doc) by extensions ['cmake', 'python']
[0.171s] colcon.colcon_core.package_identification Level 1 _identify(/home/hdm/FeiHu_Sentry_2025/src/linefit_ground_segementation_ros2/doc) by extension 'cmake'
[0.171s] colcon.colcon_core.package_identification Level 1 _identify(/home/hdm/FeiHu_Sentry_2025/src/linefit_ground_segementation_ros2/doc) by extension 'python'
[0.171s] colcon.colcon_core.package_identification Level 1 _identify(/home/hdm/FeiHu_Sentry_2025/src/linefit_ground_segementation_ros2/doc) by extensions ['python_setup_py']
[0.171s] colcon.colcon_core.package_identification Level 1 _identify(/home/hdm/FeiHu_Sentry_2025/src/linefit_ground_segementation_ros2/doc) by extension 'python_setup_py'
[0.171s] colcon.colcon_core.package_identification Level 1 _identify(/home/hdm/FeiHu_Sentry_2025/src/linefit_ground_segementation_ros2/linefit_ground_segmentation) by extensions ['ignore', 'ignore_ament_install']
[0.171s] colcon.colcon_core.package_identification Level 1 _identify(/home/hdm/FeiHu_Sentry_2025/src/linefit_ground_segementation_ros2/linefit_ground_segmentation) by extension 'ignore'
[0.171s] colcon.colcon_core.package_identification Level 1 _identify(/home/hdm/FeiHu_Sentry_2025/src/linefit_ground_segementation_ros2/linefit_ground_segmentation) by extension 'ignore_ament_install'
[0.171s] colcon.colcon_core.package_identification Level 1 _identify(/home/hdm/FeiHu_Sentry_2025/src/linefit_ground_segementation_ros2/linefit_ground_segmentation) by extensions ['colcon_pkg']
[0.171s] colcon.colcon_core.package_identification Level 1 _identify(/home/hdm/FeiHu_Sentry_2025/src/linefit_ground_segementation_ros2/linefit_ground_segmentation) by extension 'colcon_pkg'
[0.171s] colcon.colcon_core.package_identification Level 1 _identify(/home/hdm/FeiHu_Sentry_2025/src/linefit_ground_segementation_ros2/linefit_ground_segmentation) by extensions ['colcon_meta']
[0.171s] colcon.colcon_core.package_identification Level 1 _identify(/home/hdm/FeiHu_Sentry_2025/src/linefit_ground_segementation_ros2/linefit_ground_segmentation) by extension 'colcon_meta'
[0.171s] colcon.colcon_core.package_identification Level 1 _identify(/home/hdm/FeiHu_Sentry_2025/src/linefit_ground_segementation_ros2/linefit_ground_segmentation) by extensions ['ros']
[0.171s] colcon.colcon_core.package_identification Level 1 _identify(/home/hdm/FeiHu_Sentry_2025/src/linefit_ground_segementation_ros2/linefit_ground_segmentation) by extension 'ros'
[0.172s] colcon.colcon_core.package_identification DEBUG Package '/home/hdm/FeiHu_Sentry_2025/src/linefit_ground_segementation_ros2/linefit_ground_segmentation' with type 'ros.ament_cmake' and name 'linefit_ground_segmentation'
[0.172s] colcon.colcon_core.package_identification Level 1 _identify(/home/hdm/FeiHu_Sentry_2025/src/linefit_ground_segementation_ros2/linefit_ground_segmentation_ros) by extensions ['ignore', 'ignore_ament_install']
[0.172s] colcon.colcon_core.package_identification Level 1 _identify(/home/hdm/FeiHu_Sentry_2025/src/linefit_ground_segementation_ros2/linefit_ground_segmentation_ros) by extension 'ignore'
[0.172s] colcon.colcon_core.package_identification Level 1 _identify(/home/hdm/FeiHu_Sentry_2025/src/linefit_ground_segementation_ros2/linefit_ground_segmentation_ros) by extension 'ignore_ament_install'
[0.172s] colcon.colcon_core.package_identification Level 1 _identify(/home/hdm/FeiHu_Sentry_2025/src/linefit_ground_segementation_ros2/linefit_ground_segmentation_ros) by extensions ['colcon_pkg']
[0.172s] colcon.colcon_core.package_identification Level 1 _identify(/home/hdm/FeiHu_Sentry_2025/src/linefit_ground_segementation_ros2/linefit_ground_segmentation_ros) by extension 'colcon_pkg'
[0.172s] colcon.colcon_core.package_identification Level 1 _identify(/home/hdm/FeiHu_Sentry_2025/src/linefit_ground_segementation_ros2/linefit_ground_segmentation_ros) by extensions ['colcon_meta']
[0.172s] colcon.colcon_core.package_identification Level 1 _identify(/home/hdm/FeiHu_Sentry_2025/src/linefit_ground_segementation_ros2/linefit_ground_segmentation_ros) by extension 'colcon_meta'
[0.172s] colcon.colcon_core.package_identification Level 1 _identify(/home/hdm/FeiHu_Sentry_2025/src/linefit_ground_segementation_ros2/linefit_ground_segmentation_ros) by extensions ['ros']
[0.172s] colcon.colcon_core.package_identification Level 1 _identify(/home/hdm/FeiHu_Sentry_2025/src/linefit_ground_segementation_ros2/linefit_ground_segmentation_ros) by extension 'ros'
[0.173s] colcon.colcon_core.package_identification DEBUG Package '/home/hdm/FeiHu_Sentry_2025/src/linefit_ground_segementation_ros2/linefit_ground_segmentation_ros' with type 'ros.ament_cmake' and name 'linefit_ground_segmentation_ros'
[0.173s] colcon.colcon_core.package_identification Level 1 _identify(/home/hdm/FeiHu_Sentry_2025/src/linefit_ground_segementation_ros2/log) by extensions ['ignore', 'ignore_ament_install']
[0.173s] colcon.colcon_core.package_identification Level 1 _identify(/home/hdm/FeiHu_Sentry_2025/src/linefit_ground_segementation_ros2/log) by extension 'ignore'
[0.173s] colcon.colcon_core.package_identification Level 1 _identify(/home/hdm/FeiHu_Sentry_2025/src/linefit_ground_segementation_ros2/log) ignored
[0.173s] colcon.colcon_core.package_identification Level 1 _identify(/home/hdm/FeiHu_Sentry_2025/src/pointcloud_to_laserscan) by extensions ['ignore', 'ignore_ament_install']
[0.173s] colcon.colcon_core.package_identification Level 1 _identify(/home/hdm/FeiHu_Sentry_2025/src/pointcloud_to_laserscan) by extension 'ignore'
[0.173s] colcon.colcon_core.package_identification Level 1 _identify(/home/hdm/FeiHu_Sentry_2025/src/pointcloud_to_laserscan) by extension 'ignore_ament_install'
[0.173s] colcon.colcon_core.package_identification Level 1 _identify(/home/hdm/FeiHu_Sentry_2025/src/pointcloud_to_laserscan) by extensions ['colcon_pkg']
[0.173s] colcon.colcon_core.package_identification Level 1 _identify(/home/hdm/FeiHu_Sentry_2025/src/pointcloud_to_laserscan) by extension 'colcon_pkg'
[0.173s] colcon.colcon_core.package_identification Level 1 _identify(/home/hdm/FeiHu_Sentry_2025/src/pointcloud_to_laserscan) by extensions ['colcon_meta']
[0.173s] colcon.colcon_core.package_identification Level 1 _identify(/home/hdm/FeiHu_Sentry_2025/src/pointcloud_to_laserscan) by extension 'colcon_meta'
[0.173s] colcon.colcon_core.package_identification Level 1 _identify(/home/hdm/FeiHu_Sentry_2025/src/pointcloud_to_laserscan) by extensions ['ros']
[0.173s] colcon.colcon_core.package_identification Level 1 _identify(/home/hdm/FeiHu_Sentry_2025/src/pointcloud_to_laserscan) by extension 'ros'
[0.174s] colcon.colcon_core.package_identification DEBUG Package '/home/hdm/FeiHu_Sentry_2025/src/pointcloud_to_laserscan' with type 'ros.ament_cmake' and name 'pointcloud_to_laserscan'
[0.174s] colcon.colcon_core.package_identification Level 1 _identify(/home/hdm/FeiHu_Sentry_2025/src/rm_bringup) by extensions ['ignore', 'ignore_ament_install']
[0.174s] colcon.colcon_core.package_identification Level 1 _identify(/home/hdm/FeiHu_Sentry_2025/src/rm_bringup) by extension 'ignore'
[0.174s] colcon.colcon_core.package_identification Level 1 _identify(/home/hdm/FeiHu_Sentry_2025/src/rm_bringup) by extension 'ignore_ament_install'
[0.174s] colcon.colcon_core.package_identification Level 1 _identify(/home/hdm/FeiHu_Sentry_2025/src/rm_bringup) by extensions ['colcon_pkg']
[0.174s] colcon.colcon_core.package_identification Level 1 _identify(/home/hdm/FeiHu_Sentry_2025/src/rm_bringup) by extension 'colcon_pkg'
[0.174s] colcon.colcon_core.package_identification Level 1 _identify(/home/hdm/FeiHu_Sentry_2025/src/rm_bringup) by extensions ['colcon_meta']
[0.174s] colcon.colcon_core.package_identification Level 1 _identify(/home/hdm/FeiHu_Sentry_2025/src/rm_bringup) by extension 'colcon_meta'
[0.174s] colcon.colcon_core.package_identification Level 1 _identify(/home/hdm/FeiHu_Sentry_2025/src/rm_bringup) by extensions ['ros']
[0.174s] colcon.colcon_core.package_identification Level 1 _identify(/home/hdm/FeiHu_Sentry_2025/src/rm_bringup) by extension 'ros'
[0.174s] colcon.colcon_core.package_identification DEBUG Package '/home/hdm/FeiHu_Sentry_2025/src/rm_bringup' with type 'ros.ament_cmake' and name 'rm_bringup'
[0.174s] colcon.colcon_core.package_identification Level 1 _identify(/home/hdm/FeiHu_Sentry_2025/src/robot_navigation2) by extensions ['ignore', 'ignore_ament_install']
[0.174s] colcon.colcon_core.package_identification Level 1 _identify(/home/hdm/FeiHu_Sentry_2025/src/robot_navigation2) by extension 'ignore'
[0.174s] colcon.colcon_core.package_identification Level 1 _identify(/home/hdm/FeiHu_Sentry_2025/src/robot_navigation2) by extension 'ignore_ament_install'
[0.174s] colcon.colcon_core.package_identification Level 1 _identify(/home/hdm/FeiHu_Sentry_2025/src/robot_navigation2) by extensions ['colcon_pkg']
[0.174s] colcon.colcon_core.package_identification Level 1 _identify(/home/hdm/FeiHu_Sentry_2025/src/robot_navigation2) by extension 'colcon_pkg'
[0.174s] colcon.colcon_core.package_identification Level 1 _identify(/home/hdm/FeiHu_Sentry_2025/src/robot_navigation2) by extensions ['colcon_meta']
[0.174s] colcon.colcon_core.package_identification Level 1 _identify(/home/hdm/FeiHu_Sentry_2025/src/robot_navigation2) by extension 'colcon_meta'
[0.174s] colcon.colcon_core.package_identification Level 1 _identify(/home/hdm/FeiHu_Sentry_2025/src/robot_navigation2) by extensions ['ros']
[0.174s] colcon.colcon_core.package_identification Level 1 _identify(/home/hdm/FeiHu_Sentry_2025/src/robot_navigation2) by extension 'ros'
[0.175s] colcon.colcon_core.package_identification DEBUG Package '/home/hdm/FeiHu_Sentry_2025/src/robot_navigation2' with type 'ros.ament_cmake' and name 'robot_navigation2'
[0.175s] colcon.colcon_core.package_identification Level 1 _identify(/home/hdm/FeiHu_Sentry_2025/src/sc_liorf_localization) by extensions ['ignore', 'ignore_ament_install']
[0.175s] colcon.colcon_core.package_identification Level 1 _identify(/home/hdm/FeiHu_Sentry_2025/src/sc_liorf_localization) by extension 'ignore'
[0.175s] colcon.colcon_core.package_identification Level 1 _identify(/home/hdm/FeiHu_Sentry_2025/src/sc_liorf_localization) by extension 'ignore_ament_install'
[0.175s] colcon.colcon_core.package_identification Level 1 _identify(/home/hdm/FeiHu_Sentry_2025/src/sc_liorf_localization) by extensions ['colcon_pkg']
[0.175s] colcon.colcon_core.package_identification Level 1 _identify(/home/hdm/FeiHu_Sentry_2025/src/sc_liorf_localization) by extension 'colcon_pkg'
[0.175s] colcon.colcon_core.package_identification Level 1 _identify(/home/hdm/FeiHu_Sentry_2025/src/sc_liorf_localization) by extensions ['colcon_meta']
[0.175s] colcon.colcon_core.package_identification Level 1 _identify(/home/hdm/FeiHu_Sentry_2025/src/sc_liorf_localization) by extension 'colcon_meta'
[0.175s] colcon.colcon_core.package_identification Level 1 _identify(/home/hdm/FeiHu_Sentry_2025/src/sc_liorf_localization) by extensions ['ros']
[0.175s] colcon.colcon_core.package_identification Level 1 _identify(/home/hdm/FeiHu_Sentry_2025/src/sc_liorf_localization) by extension 'ros'
[0.176s] colcon.colcon_core.package_identification DEBUG Package '/home/hdm/FeiHu_Sentry_2025/src/sc_liorf_localization' with type 'ros.ament_cmake' and name 'sc_liorf_localization'
[0.176s] colcon.colcon_core.package_identification Level 1 _identify(/home/hdm/FeiHu_Sentry_2025/src/sensor_driver) by extensions ['ignore', 'ignore_ament_install']
[0.176s] colcon.colcon_core.package_identification Level 1 _identify(/home/hdm/FeiHu_Sentry_2025/src/sensor_driver) by extension 'ignore'
[0.176s] colcon.colcon_core.package_identification Level 1 _identify(/home/hdm/FeiHu_Sentry_2025/src/sensor_driver) by extension 'ignore_ament_install'
[0.176s] colcon.colcon_core.package_identification Level 1 _identify(/home/hdm/FeiHu_Sentry_2025/src/sensor_driver) by extensions ['colcon_pkg']
[0.176s] colcon.colcon_core.package_identification Level 1 _identify(/home/hdm/FeiHu_Sentry_2025/src/sensor_driver) by extension 'colcon_pkg'
[0.176s] colcon.colcon_core.package_identification Level 1 _identify(/home/hdm/FeiHu_Sentry_2025/src/sensor_driver) by extensions ['colcon_meta']
[0.176s] colcon.colcon_core.package_identification Level 1 _identify(/home/hdm/FeiHu_Sentry_2025/src/sensor_driver) by extension 'colcon_meta'
[0.176s] colcon.colcon_core.package_identification Level 1 _identify(/home/hdm/FeiHu_Sentry_2025/src/sensor_driver) by extensions ['ros']
[0.176s] colcon.colcon_core.package_identification Level 1 _identify(/home/hdm/FeiHu_Sentry_2025/src/sensor_driver) by extension 'ros'
[0.176s] colcon.colcon_core.package_identification Level 1 _identify(/home/hdm/FeiHu_Sentry_2025/src/sensor_driver) by extensions ['cmake', 'python']
[0.176s] colcon.colcon_core.package_identification Level 1 _identify(/home/hdm/FeiHu_Sentry_2025/src/sensor_driver) by extension 'cmake'
[0.176s] colcon.colcon_core.package_identification Level 1 _identify(/home/hdm/FeiHu_Sentry_2025/src/sensor_driver) by extension 'python'
[0.176s] colcon.colcon_core.package_identification Level 1 _identify(/home/hdm/FeiHu_Sentry_2025/src/sensor_driver) by extensions ['python_setup_py']
[0.176s] colcon.colcon_core.package_identification Level 1 _identify(/home/hdm/FeiHu_Sentry_2025/src/sensor_driver) by extension 'python_setup_py'
[0.176s] colcon.colcon_core.package_identification Level 1 _identify(/home/hdm/FeiHu_Sentry_2025/src/sensor_driver/livox_ros_driver2) by extensions ['ignore', 'ignore_ament_install']
[0.176s] colcon.colcon_core.package_identification Level 1 _identify(/home/hdm/FeiHu_Sentry_2025/src/sensor_driver/livox_ros_driver2) by extension 'ignore'
[0.176s] colcon.colcon_core.package_identification Level 1 _identify(/home/hdm/FeiHu_Sentry_2025/src/sensor_driver/livox_ros_driver2) by extension 'ignore_ament_install'
[0.176s] colcon.colcon_core.package_identification Level 1 _identify(/home/hdm/FeiHu_Sentry_2025/src/sensor_driver/livox_ros_driver2) by extensions ['colcon_pkg']
[0.176s] colcon.colcon_core.package_identification Level 1 _identify(/home/hdm/FeiHu_Sentry_2025/src/sensor_driver/livox_ros_driver2) by extension 'colcon_pkg'
[0.176s] colcon.colcon_core.package_identification Level 1 _identify(/home/hdm/FeiHu_Sentry_2025/src/sensor_driver/livox_ros_driver2) by extensions ['colcon_meta']
[0.176s] colcon.colcon_core.package_identification Level 1 _identify(/home/hdm/FeiHu_Sentry_2025/src/sensor_driver/livox_ros_driver2) by extension 'colcon_meta'
[0.176s] colcon.colcon_core.package_identification Level 1 _identify(/home/hdm/FeiHu_Sentry_2025/src/sensor_driver/livox_ros_driver2) by extensions ['ros']
[0.176s] colcon.colcon_core.package_identification Level 1 _identify(/home/hdm/FeiHu_Sentry_2025/src/sensor_driver/livox_ros_driver2) by extension 'ros'
[0.176s] colcon.colcon_core.package_identification Level 1 _identify(/home/hdm/FeiHu_Sentry_2025/src/sensor_driver/livox_ros_driver2) by extensions ['cmake', 'python']
[0.176s] colcon.colcon_core.package_identification Level 1 _identify(/home/hdm/FeiHu_Sentry_2025/src/sensor_driver/livox_ros_driver2) by extension 'cmake'
[0.176s] colcon.colcon_core.package_identification Level 1 _identify(/home/hdm/FeiHu_Sentry_2025/src/sensor_driver/livox_ros_driver2) by extension 'python'
[0.176s] colcon.colcon_core.package_identification Level 1 _identify(/home/hdm/FeiHu_Sentry_2025/src/sensor_driver/livox_ros_driver2) by extensions ['python_setup_py']
[0.176s] colcon.colcon_core.package_identification Level 1 _identify(/home/hdm/FeiHu_Sentry_2025/src/sensor_driver/livox_ros_driver2) by extension 'python_setup_py'
[0.176s] colcon.colcon_core.package_discovery Level 1 discover_packages(recursive) using defaults
